#
# There is insufficient memory for the Java Runtime Environment to continue.
# Native memory allocation (mmap) failed to map 201326592 bytes for Failed to commit area from 0x0000000741200000 to 0x000000074d200000 of length 201326592.
# Possible reasons:
#   The system is out of physical RAM or swap space
#   The process is running with CompressedOops enabled, and the Java Heap may be blocking the growth of the native heap
# Possible solutions:
#   Reduce memory load on the system
#   Increase physical memory or swap space
#   Check if swap backing store is full
#   Decrease Java heap size (-Xmx/-Xms)
#   Decrease number of Java threads
#   Decrease Java thread stack sizes (-Xss)
#   Set larger code cache with -XX:ReservedCodeCacheSize=
# This output file may be truncated or incomplete.
#
#  Out of Memory Error (src/hotspot/os/windows/os_windows.cpp:3627), pid=4308, tid=10904
#
# JRE version:  (11.0.15+10) (build )
# Java VM: OpenJDK 64-Bit Server VM (11.0.15+10-b2043.56, mixed mode, sharing, tiered, compressed oops, g1 gc, windows-amd64)
# No core dump will be written. Minidumps are not enabled by default on client versions of Windows
#

---------------  S U M M A R Y ------------

Command Line: git4idea.http.GitAskPassApp Username for 'https://github.com': 

Host: AMD Ryzen 5 1600 Six-Core Processor            , 12 cores, 11G,  Windows 10 , 64 bit Build 19041 (10.0.19041.1741)
Time: Wed Oct 19 20:56:57 2022 Hora de verano romance elapsed time: 0.012020 seconds (0d 0h 0m 0s)

---------------  T H R E A D  ---------------

Current thread (0x000001ec323b1000):  JavaThread "Unknown thread" [_thread_in_vm, id=10904, stack(0x000000c95be00000,0x000000c95bf00000)]

Stack: [0x000000c95be00000,0x000000c95bf00000]
Native frames: (J=compiled Java code, j=interpreted, Vv=VM code, C=native code)
V  [jvm.dll+0x61612a]
V  [jvm.dll+0x79c450]
V  [jvm.dll+0x79da6d]
V  [jvm.dll+0x79e143]
V  [jvm.dll+0x24cc18]
V  [jvm.dll+0x613174]
V  [jvm.dll+0x607e55]
V  [jvm.dll+0x30b1cb]
V  [jvm.dll+0x30b13a]
V  [jvm.dll+0x30b012]
V  [jvm.dll+0x30ff76]
V  [jvm.dll+0x35b4c3]
V  [jvm.dll+0x35bbc6]
V  [jvm.dll+0x35b5c3]
V  [jvm.dll+0x2e5918]
V  [jvm.dll+0x2e6ab7]
V  [jvm.dll+0x7794f7]
V  [jvm.dll+0x77acec]
V  [jvm.dll+0x368a59]
V  [jvm.dll+0x75ce8e]
V  [jvm.dll+0x3d6a33]
V  [jvm.dll+0x3d9001]
C  [jli.dll+0x536b]
C  [ucrtbase.dll+0x21bb2]
C  [KERNEL32.DLL+0x17034]
C  [ntdll.dll+0x52651]


---------------  P R O C E S S  ---------------

Threads class SMR info:
_java_thread_list=0x000001ec301053e0, length=0, elements={
}

Java Threads: ( => current thread )

Other Threads:
  0x000001ec323ca000 GCTaskThread "GC Thread#0" [stack: 0x000000c95bf00000,0x000000c95c000000] [id=11344]
  0x000001ec32413800 ConcurrentGCThread "G1 Main Marker" [stack: 0x000000c95c000000,0x000000c95c100000] [id=9296]
  0x000001ec32415000 ConcurrentGCThread "G1 Conc#0" [stack: 0x000000c95c100000,0x000000c95c200000] [id=9240]

[error occurred during error reporting (printing all threads), id 0xc0000005, EXCEPTION_ACCESS_VIOLATION (0xc0000005) at pc=0x00007ffbc0dc6017]

VM state:not at safepoint (not fully initialized)

VM Mutex/Monitor currently owned by a thread:  ([mutex/lock_event])
[0x000001ec323ae690] Heap_lock - owner thread: 0x000001ec323b1000

Heap address: 0x0000000741200000, size: 3054 MB, Compressed Oops mode: Non-zero based: 0x0000000741200000
Narrow klass base: 0x0000000000000000, Narrow klass shift: 0

GC Heap History (0 events):
No events

Deoptimization events (0 events):
No events

Classes redefined (0 events):
No events

Internal exceptions (0 events):
No events

Events (1 events):
Event: 0.007 Loaded shared library C:\Program Files\JetBrains\PyCharm Community Edition 2022.1.3\jbr\bin\zip.dll


Dynamic libraries:
0x00007ff6ff630000 - 0x00007ff6ff63a000 	C:\Program Files\JetBrains\PyCharm Community Edition 2022.1.3\jbr\bin\java.exe
0x00007ffbfb8f0000 - 0x00007ffbfbae7000 	C:\Windows\SYSTEM32\ntdll.dll
0x00007ffbf9ea0000 - 0x00007ffbf9f5d000 	C:\Windows\System32\KERNEL32.DLL
0x00007ffbf93d0000 - 0x00007ffbf969d000 	C:\Windows\System32\KERNELBASE.dll
0x00007ffbf96a0000 - 0x00007ffbf97a0000 	C:\Windows\System32\ucrtbase.dll
0x00007ffbc1e70000 - 0x00007ffbc1e86000 	C:\Program Files\JetBrains\PyCharm Community Edition 2022.1.3\jbr\bin\VCRUNTIME140.dll
0x00007ffbc1850000 - 0x00007ffbc1869000 	C:\Program Files\JetBrains\PyCharm Community Edition 2022.1.3\jbr\bin\jli.dll
0x00007ffbfac90000 - 0x00007ffbfae30000 	C:\Windows\System32\USER32.dll
0x00007ffbf98f0000 - 0x00007ffbf9912000 	C:\Windows\System32\win32u.dll
0x00007ffbee9b0000 - 0x00007ffbeec4a000 	C:\Windows\WinSxS\amd64_microsoft.windows.common-controls_6595b64144ccf1df_6.0.19041.1110_none_60b5254171f9507e\COMCTL32.dll
0x00007ffbfb240000 - 0x00007ffbfb26a000 	C:\Windows\System32\GDI32.dll
0x00007ffbfaea0000 - 0x00007ffbfaf3e000 	C:\Windows\System32\msvcrt.dll
0x00007ffbf92c0000 - 0x00007ffbf93cb000 	C:\Windows\System32\gdi32full.dll
0x00007ffbf9850000 - 0x00007ffbf98ed000 	C:\Windows\System32\msvcp_win.dll
0x00007ffbfaff0000 - 0x00007ffbfb020000 	C:\Windows\System32\IMM32.DLL
0x00007ffbace60000 - 0x00007ffbacf0a000 	C:\Program Files\JetBrains\PyCharm Community Edition 2022.1.3\jbr\bin\msvcp140.dll
0x00007ffbc0ad0000 - 0x00007ffbc164b000 	C:\Program Files\JetBrains\PyCharm Community Edition 2022.1.3\jbr\bin\server\jvm.dll
0x00007ffbfaf40000 - 0x00007ffbfafee000 	C:\Windows\System32\ADVAPI32.dll
0x00007ffbf9ac0000 - 0x00007ffbf9b5c000 	C:\Windows\System32\sechost.dll
0x00007ffbf9d70000 - 0x00007ffbf9e95000 	C:\Windows\System32\RPCRT4.dll
0x00007ffbfab40000 - 0x00007ffbfab48000 	C:\Windows\System32\PSAPI.DLL
0x00007ffbf24f0000 - 0x00007ffbf2517000 	C:\Windows\SYSTEM32\WINMM.dll
0x00007ffbf6810000 - 0x00007ffbf6819000 	C:\Windows\SYSTEM32\WSOCK32.dll
0x00007ffbf34e0000 - 0x00007ffbf34ea000 	C:\Windows\SYSTEM32\VERSION.dll
0x00007ffbfae30000 - 0x00007ffbfae9b000 	C:\Windows\System32\WS2_32.dll
0x00007ffbf6f30000 - 0x00007ffbf6f42000 	C:\Windows\SYSTEM32\kernel.appcore.dll
0x00007ffbf0ab0000 - 0x00007ffbf0ac1000 	C:\Program Files\JetBrains\PyCharm Community Edition 2022.1.3\jbr\bin\verify.dll
0x00007ffbe7c30000 - 0x00007ffbe7e14000 	C:\Windows\SYSTEM32\DBGHELP.DLL
0x00007ffbe2fe0000 - 0x00007ffbe300c000 	C:\Windows\SYSTEM32\dbgcore.DLL
0x00007ffbf90d0000 - 0x00007ffbf9152000 	C:\Windows\System32\bcryptPrimitives.dll
0x00007ffbf0580000 - 0x00007ffbf05a9000 	C:\Program Files\JetBrains\PyCharm Community Edition 2022.1.3\jbr\bin\java.dll
0x00007ffbf2490000 - 0x00007ffbf249b000 	C:\Program Files\JetBrains\PyCharm Community Edition 2022.1.3\jbr\bin\jimage.dll
0x00007ffbf0a80000 - 0x00007ffbf0a99000 	C:\Program Files\JetBrains\PyCharm Community Edition 2022.1.3\jbr\bin\zip.dll

dbghelp: loaded successfully - version: 4.0.5 - missing functions: none
symbol engine: initialized successfully - sym options: 0x614 - pdb path: .;C:\Program Files\JetBrains\PyCharm Community Edition 2022.1.3\jbr\bin;C:\Windows\SYSTEM32;C:\Windows\WinSxS\amd64_microsoft.windows.common-controls_6595b64144ccf1df_6.0.19041.1110_none_60b5254171f9507e;C:\Program Files\JetBrains\PyCharm Community Edition 2022.1.3\jbr\bin\server

VM Arguments:
java_command: git4idea.http.GitAskPassApp Username for 'https://github.com': 
java_class_path (initial): C:/Program Files/JetBrains/PyCharm Community Edition 2022.1.3/plugins/git4idea/lib/git4idea-rt.jar;C:/Program Files/JetBrains/PyCharm Community Edition 2022.1.3/lib/externalProcess-rt.jar;C:/Program Files/JetBrains/PyCharm Community Edition 2022.1.3/lib/app.jar;C:/Program Files/JetBrains/PyCharm Community Edition 2022.1.3/lib/3rd-party-rt.jar
Launcher Type: SUN_STANDARD

[Global flags]
     intx CICompilerCount                          = 4                                         {product} {ergonomic}
     uint ConcGCThreads                            = 3                                         {product} {ergonomic}
     uint G1ConcRefinementThreads                  = 10                                        {product} {ergonomic}
   size_t G1HeapRegionSize                         = 1048576                                   {product} {ergonomic}
    uintx GCDrainStackTargetSize                   = 64                                        {product} {ergonomic}
   size_t InitialHeapSize                          = 201326592                                 {product} {ergonomic}
   size_t MarkStackSize                            = 4194304                                   {product} {ergonomic}
   size_t MaxHeapSize                              = 3202351104                                {product} {ergonomic}
   size_t MinHeapDeltaBytes                        = 1048576                                   {product} {ergonomic}
    uintx NonNMethodCodeHeapSize                   = 5836300                                {pd product} {ergonomic}
    uintx NonProfiledCodeHeapSize                  = 122910970                              {pd product} {ergonomic}
    uintx ProfiledCodeHeapSize                     = 122910970                              {pd product} {ergonomic}
    uintx ReservedCodeCacheSize                    = 251658240                              {pd product} {ergonomic}
     bool SegmentedCodeCache                       = true                                      {product} {ergonomic}
     bool UseCompressedClassPointers               = true                                 {lp64_product} {ergonomic}
     bool UseCompressedOops                        = true                                 {lp64_product} {ergonomic}
     bool UseG1GC                                  = true                                      {product} {ergonomic}
     bool UseLargePagesIndividualAllocation        = false                                  {pd product} {ergonomic}

Logging:
Log output configuration:
 #0: stdout all=warning uptime,level,tags
 #1: stderr all=off uptime,level,tags

Environment Variables:
PATH=C:\Program Files\Git\mingw64\libexec\git-core;C:\Program Files\Git\mingw64\libexec\git-core;C:\Program Files\Git\mingw64\bin;C:\Program Files\Git\usr\bin;C:\Users\ialve\bin;C:\Users\ialve\Desktop\cnet\venv\Scripts;C:\Windows\system32;C:\Windows;C:\Windows\System32\Wbem;C:\Windows\System32\WindowsPowerShell\v1.0;C:\Windows\System32\OpenSSH;C:\Program Files\Git\cmd;C:\Program Files (x86)\NVIDIA Corporation\PhysX\Common;C:\Program Files\NVIDIA Corporation\Nsight Compute 2022.3.0;C:\CuDNN\dll_x64;C:\CuDNN\cudnn-windows-x86_64-8.6.0.163_cuda11-archive\cudnn-windows-x86_64-8.6.0.163_cuda11-archive\bin;C:\CuDNN\cudnn-windows-x86_64-8.6.0.163_cuda11-archive\cudnn-windows-x86_64-8.6.0.163_cuda11-archive\include;C:\Program Files\NVIDIA Corporation\NVIDIA NvDLISR;C:\Program Files\NVIDIA GPU Computing Toolkit\CUDA\v11.8\bin;C:\Program Files\NVIDIA GPU Computing Toolkit\CUDA\v11.8\include;C:\Program Files\NVIDIA GPU Computing Toolkit\CUDA\v11.8\extras\CUPTI\lib64;C:\Program Files\NVIDIA GPU Computing Toolkit\CUDA\v11.8\libnvvp;C:\Program Files\NVIDIA GPU Computing Toolkit\CUDA\v11.8\extras\CUPTI\include;C:\Program Files\nodejs;C:\Users\ialve\AppData\Local\Programs\Python\Python310\Scripts;C:\Users\ialve\AppData\Local\Programs\Python\Python310;C:\Users\ialve\AppData\Local\Microsoft\WindowsApps;C:\Program Files\JetBrains\PyCharm Community Edition 2022.1.3\bin;C:\Program Files\Graphviz\bin;C:\texlive\2022\bin\win32;C:\Users\ialve\AppData\Roaming\npm
USERNAME=server
DISPLAY=:0.0
LC_ALL=en_US.UTF-8
OS=Windows_NT
PROCESSOR_IDENTIFIER=AMD64 Family 23 Model 8 Stepping 2, AuthenticAMD



---------------  S Y S T E M  ---------------

OS: Windows 10 , 64 bit Build 19041 (10.0.19041.1741)
OS uptime: 2 days 3:54 hours

CPU:total 12 (initial active 12) (12 cores per cpu, 2 threads per core) family 23 model 8 stepping 2 microcode 0x0, cmov, cx8, fxsr, mmx, sse, sse2, sse3, ssse3, sse4.1, sse4.2, popcnt, avx, avx2, aes, clmul, mmxext, 3dnowpref, lzcnt, sse4a, ht, tsc, tscinvbit, tscinv, bmi1, bmi2, adx, sha, fma

Memory: 4k page, system-wide physical 12212M (4212M free)
TotalPageFile size 26441M (AvailPageFile size 23M)
current process WorkingSet (physical memory assigned to process): 9M, peak: 9M
current process commit charge ("private bytes"): 64M, peak: 256M

vm_info: OpenJDK 64-Bit Server VM (11.0.15+10-b2043.56) for windows-amd64 JRE (11.0.15+10-b2043.56), built on May 16 2022 02:28:12 by "" with MS VC++ 14.0 (VS2015)

END.
